{"level":"error","message":"MongoDB connection error: MongoError: bad auth : Authentication failed.","service":"user-service","timestamp":"2022-01-27 08:52:19"}
{"level":"error","message":"MongoDB database connection established successfully ...","service":"user-service","timestamp":"2022-01-27 08:53:40"}
{"level":"error","message":"MongoDB connection error: ReferenceError: conn is not defined","service":"user-service","timestamp":"2022-02-09 08:34:40"}
{"level":"error","message":"MongoDB connection error: TypeError: Cannot read properties of undefined (reading 'underline')","service":"user-service","timestamp":"2022-02-09 08:36:50"}
{"level":"error","message":"MongoDB connection error: TypeError: Cannot read properties of undefined (reading 'underline')","service":"user-service","timestamp":"2022-02-09 08:42:38"}
{"level":"error","message":"MongoDB connection error: TypeError: Cannot read properties of undefined (reading 'underline')","service":"user-service","timestamp":"2022-02-09 08:43:31"}
{"level":"error","message":"MongoDB connection error: TypeError: Cannot read properties of undefined (reading 'underline')","service":"user-service","timestamp":"2022-02-09 08:43:53"}
{"level":"error","message":"MongoDB connection error: TypeError: Cannot read properties of undefined (reading 'underline')","service":"user-service","timestamp":"2022-02-09 08:44:53"}
{"level":"error","message":"MongoDB connection error: TypeError: Cannot read properties of undefined (reading 'underline')","service":"user-service","timestamp":"2022-02-09 08:45:22"}
{"level":"error","message":"MongoDB connection error: Error: querySrv ECONNREFUSED _mongodb._tcp.cluster0.qupxt.mongodb.net","service":"user-service","timestamp":"2022-02-12 08:57:36"}
{"level":"error","message":"MongoDB connection error. Please make sure MongoDB is running: MongoParseError: Invalid connection string","service":"user-service","timestamp":"2022-02-15 17:49:22"}
{"level":"error","message":"MongoDB connection error. Please make sure MongoDB is running: MongoParseError: Invalid connection string","service":"user-service","timestamp":"2022-02-15 17:52:07"}
{"level":"error","message":"MongoDB connection error. Please make sure MongoDB is running: MongoParseError: Invalid connection string","service":"user-service","timestamp":"2022-02-15 17:52:38"}
{"level":"error","message":"MongoDB connection error. Please make sure MongoDB is running: MongoParseError: Invalid connection string","service":"user-service","timestamp":"2022-02-15 17:52:47"}
{"level":"error","message":"MongoDB connection error. Please make sure MongoDB is running: MongoParseError: Invalid connection string","service":"user-service","timestamp":"2022-02-15 17:53:13"}
{"level":"error","message":"MongoDB connection error. Please make sure MongoDB is running: MongoParseError: Invalid connection string","service":"user-service","timestamp":"2022-02-15 17:53:20"}
{"level":"error","message":"MongoDB connection error. Please make sure MongoDB is running: MongoParseError: Invalid connection string","service":"user-service","timestamp":"2022-02-15 17:53:35"}
{"level":"error","message":"MongoDB connection error. Please make sure MongoDB is running: MongoParseError: Invalid connection string","service":"user-service","timestamp":"2022-02-15 17:53:50"}
{"level":"error","message":"MongoDB connection error. Please make sure MongoDB is running: MongoParseError: Invalid connection string","service":"user-service","timestamp":"2022-02-15 18:36:38"}
{"level":"error","message":"MongoDB connection error. Please make sure MongoDB is running: Invalid connection string","service":"user-service","timestamp":"2022-02-15 18:41:53"}
{"level":"error","message":"MongoDB connection error. Please make sure MongoDB is running: Invalid connection string","service":"user-service","timestamp":"2022-02-15 18:44:10"}
{"level":"error","message":"MongoDB connection error. Please make sure MongoDB is running: Invalid connection string","service":"user-service","timestamp":"2022-02-15 18:44:30"}
{"level":"error","message":"MongoDB connection error. Please make sure MongoDB is running: Invalid connection string","service":"user-service","timestamp":"2022-02-15 18:45:23"}
{"level":"error","message":"MongoDB connection error. Please make sure MongoDB is running: Invalid connection string","service":"user-service","timestamp":"2022-02-15 18:45:32"}
{"level":"error","message":"MongoDB connection error. Please make sure MongoDB is running: Invalid connection string","service":"user-service","timestamp":"2022-02-15 18:45:52"}
{"level":"error","message":"MongoDB connection error. Please make sure MongoDB is running: Invalid connection string","service":"user-service","timestamp":"2022-02-15 18:46:10"}
{"level":"error","message":"MongoDB connection error. Please make sure MongoDB is running: Invalid connection string","service":"user-service","timestamp":"2022-02-15 18:46:23"}
{"level":"error","message":"MongoDB connection error. Please make sure MongoDB is running: Invalid connection string","service":"user-service","timestamp":"2022-02-15 18:46:30"}
{"level":"error","message":"MongoDB connection error. Please make sure MongoDB is running: Invalid connection string","service":"user-service","timestamp":"2022-02-15 18:46:53"}
{"level":"error","message":"MongoDB connection error. Please make sure MongoDB is running: Invalid connection string","service":"user-service","timestamp":"2022-02-15 18:47:26"}
{"level":"error","message":"MongoDB connection error. Please make sure MongoDB is running: Invalid connection string","service":"user-service","timestamp":"2022-02-15 18:47:31"}
{"level":"error","message":"MongoDB connection error. Please make sure MongoDB is running: Invalid connection string","service":"user-service","timestamp":"2022-02-15 18:48:03"}
{"level":"error","message":"MongoDB connection error. Please make sure MongoDB is running: Invalid connection string","service":"user-service","timestamp":"2022-02-15 18:48:13"}
{"level":"error","message":"MongoDB connection error. Please make sure MongoDB is running: Invalid connection string","service":"user-service","timestamp":"2022-02-15 18:48:46"}
{"level":"error","message":"MongoDB connection error. Please make sure MongoDB is running: querySrv ECONNREFUSED _mongodb._tcp.cluster0.qupxt.mongodb.net","service":"user-service","timestamp":"2022-02-17 18:44:58"}
{"level":"error","message":"MongoDB connection error. Please make sure MongoDB is running: Cannot read property 'underline' of undefined","service":"user-service","timestamp":"2022-02-26 18:41:25"}
{"level":"error","message":"MongoDB connection error. Please make sure MongoDB is running: Cannot read property 'underline' of undefined","service":"user-service","timestamp":"2022-02-26 18:42:17"}
{"level":"error","message":"MongoDB connection error. Please make sure MongoDB is running: querySrv ECONNREFUSED _mongodb._tcp.cluster0.qupxt.mongodb.net","service":"user-service","timestamp":"2022-02-28 11:19:07"}
{"level":"error","message":"MongoDB connection error. Please make sure MongoDB is running: querySrv ECONNREFUSED _mongodb._tcp.cluster0.qupxt.mongodb.net","service":"user-service","timestamp":"2022-02-28 11:19:18"}
{"level":"error","message":"MongoDB connection error. Please make sure MongoDB is running: querySrv ECONNREFUSED _mongodb._tcp.cluster0.qupxt.mongodb.net","service":"user-service","timestamp":"2022-02-28 11:20:36"}
{"level":"error","message":"MongoDB connection error. Please make sure MongoDB is running: connection timed out","service":"user-service","timestamp":"2022-05-03 12:03:34"}
{"level":"error","message":"MongoDB connection error. Please make sure MongoDB is running: connection timed out","service":"user-service","timestamp":"2022-05-06 11:50:01"}
{"level":"error","message":"MongoDB connection error. Please make sure MongoDB is running: connection timed out","service":"user-service","timestamp":"2022-05-06 12:33:44"}
{"level":"error","message":"MongoDB connection error. Please make sure MongoDB is running: connection timed out","service":"user-service","timestamp":"2022-05-06 12:47:28"}
{"level":"error","message":"MongoDB connection error. Please make sure MongoDB is running: connection timed out","service":"user-service","timestamp":"2022-05-06 12:49:25"}
{"level":"error","message":"MongoDB connection error. Please make sure MongoDB is running: connection <monitor> to 100.24.194.145:27017 timed out","service":"user-service","timestamp":"2022-05-06 13:04:35"}
{"level":"error","message":"MongoDB connection error. Please make sure MongoDB is running: connection timed out","service":"user-service","timestamp":"2022-05-06 13:06:43"}
{"level":"error","message":"MongoDB connection error. Please make sure MongoDB is running: connection timed out","service":"user-service","timestamp":"2022-05-06 13:14:14"}
{"level":"error","message":"MongoDB connection error. Please make sure MongoDB is running: connection <monitor> to 100.24.194.145:27017 timed out","service":"user-service","timestamp":"2022-05-06 14:31:09"}
